2018-04-19 17:36:58.476 [Thread-14] INFO  io.github.biezhi.wechat.api.WechatClient -
				[*] 正在获取 uuid ... 
2018-04-19 17:36:58.700 [Thread-14] INFO  io.github.biezhi.wechat.api.WechatClient -
				[*] 正在获取二维码 ... 成功

2018-04-19 17:36:59.812 [Thread-14] INFO  io.github.biezhi.wechat.api.WechatClient -
				[*] 请使用微信扫描二维码以登录 ... 

2018-04-19 17:37:25.063 [Thread-14] WARN  io.github.biezhi.wechat.api.WechatApi -
				[登陆超时] 

2018-04-19 17:37:26.065 [Thread-14] INFO  io.github.biezhi.wechat.api.WechatClient -
				[*] 请使用微信扫描二维码以登录 ... 

2018-04-19 17:37:51.122 [Thread-14] WARN  io.github.biezhi.wechat.api.WechatApi -
				[登陆超时] 

2018-04-19 17:37:52.123 [Thread-14] INFO  io.github.biezhi.wechat.api.WechatClient -
				[*] 请使用微信扫描二维码以登录 ... 

2018-04-19 17:38:17.164 [Thread-14] WARN  io.github.biezhi.wechat.api.WechatApi -
				[登陆超时] 

2018-04-19 17:38:18.169 [Thread-14] INFO  io.github.biezhi.wechat.api.WechatClient -
				[*] 请使用微信扫描二维码以登录 ... 

2018-04-19 17:38:43.215 [Thread-14] WARN  io.github.biezhi.wechat.api.WechatApi -
				[登陆超时] 

2018-04-19 17:38:44.215 [Thread-14] INFO  io.github.biezhi.wechat.api.WechatClient -
				[*] 请使用微信扫描二维码以登录 ... 

2018-04-19 17:39:09.367 [Thread-14] WARN  io.github.biezhi.wechat.api.WechatApi -
				[登陆超时] 

2018-04-19 17:39:10.367 [Thread-14] INFO  io.github.biezhi.wechat.api.WechatClient -
				[*] 请使用微信扫描二维码以登录 ... 

2018-04-19 17:39:35.410 [Thread-14] WARN  io.github.biezhi.wechat.api.WechatApi -
				[登陆超时] 

2018-04-19 17:39:35.911 [Thread-14] INFO  io.github.biezhi.wechat.api.WechatClient -
				[*] 请使用微信扫描二维码以登录 ... 

2018-04-19 17:40:00.939 [Thread-14] WARN  io.github.biezhi.wechat.api.WechatApi -
				[登陆超时] 

2018-04-19 17:40:01.441 [Thread-14] INFO  io.github.biezhi.wechat.api.WechatClient -
				[*] 请使用微信扫描二维码以登录 ... 

2018-04-19 17:40:26.510 [Thread-14] WARN  io.github.biezhi.wechat.api.WechatApi -
				[登陆超时] 

2018-04-19 17:40:27.017 [Thread-14] INFO  io.github.biezhi.wechat.api.WechatClient -
				[*] 请使用微信扫描二维码以登录 ... 

2018-04-19 17:40:52.092 [Thread-14] WARN  io.github.biezhi.wechat.api.WechatApi -
				[登陆超时] 

2018-04-19 17:40:52.593 [Thread-14] INFO  io.github.biezhi.wechat.api.WechatClient -
				[*] 请使用微信扫描二维码以登录 ... 

2018-04-19 17:41:17.647 [Thread-14] WARN  io.github.biezhi.wechat.api.WechatApi -
				[登陆超时] 

